2023-04-13 15:30:38,427 [Worker-8: Loading available Gradle versions] INFO  o.e.b.c.i.u.g.PublishedGradleVersions - Gradle version information cache is not available. Remote download required.
2023-07-24 13:28:33,814 [Worker-11: Loading available Gradle versions] INFO  o.e.b.c.i.u.g.PublishedGradleVersions - Gradle version information cache is up-to-date. Trying to read.
2023-07-24 13:38:51,521 [ModalContext] INFO  o.e.m.c.i.e.AbstractTransferListenerAdapter - Downloading https://repo.maven.apache.org/maven2/cloud/altemista/fwk/archetype/cloud-altemistafwk-core-mail-javamail-archetype/3.1.0.RELEASE/cloud-altemistafwk-core-mail-javamail-archetype-3.1.0.RELEASE.pom
2023-07-24 13:38:51,944 [ModalContext] INFO  o.e.m.c.i.e.AbstractTransferListenerAdapter - Downloaded https://repo.maven.apache.org/maven2/cloud/altemista/fwk/archetype/cloud-altemistafwk-core-mail-javamail-archetype/3.1.0.RELEASE/cloud-altemistafwk-core-mail-javamail-archetype-3.1.0.RELEASE.pom
2023-07-24 13:38:52,033 [ModalContext] INFO  o.e.m.c.i.e.AbstractTransferListenerAdapter - Downloading https://repo.maven.apache.org/maven2/cloud/altemista/fwk/framework/cloud-altemistafwk-recommended-plugins/3.1.0.RELEASE/cloud-altemistafwk-recommended-plugins-3.1.0.RELEASE.pom
2023-07-24 13:38:52,064 [ModalContext] INFO  o.e.m.c.i.e.AbstractTransferListenerAdapter - Downloaded https://repo.maven.apache.org/maven2/cloud/altemista/fwk/framework/cloud-altemistafwk-recommended-plugins/3.1.0.RELEASE/cloud-altemistafwk-recommended-plugins-3.1.0.RELEASE.pom
2023-07-24 13:38:52,544 [ModalContext] INFO  o.e.m.c.i.e.AbstractTransferListenerAdapter - Downloading https://repo.maven.apache.org/maven2/cloud/altemista/fwk/archetype/cloud-altemistafwk-core-mail-javamail-archetype/3.1.0.RELEASE/cloud-altemistafwk-core-mail-javamail-archetype-3.1.0.RELEASE.jar
2023-07-24 13:38:52,852 [ModalContext] INFO  o.e.m.c.i.e.AbstractTransferListenerAdapter - Downloaded https://repo.maven.apache.org/maven2/cloud/altemista/fwk/archetype/cloud-altemistafwk-core-mail-javamail-archetype/3.1.0.RELEASE/cloud-altemistafwk-core-mail-javamail-archetype-3.1.0.RELEASE.jar
2023-07-24 13:39:21,439 [Worker-29: Launching mavenrun-e881580b-0764-4dff-ad2e-6475312def66] INFO  o.eclipse.m2e.core.internal.Bundles - getClasspathEntries(Bundle=org.eclipse.m2e.maven.runtime_3.9.100.20230519-1558 [610])
2023-07-24 13:39:21,457 [Worker-29: Launching mavenrun-e881580b-0764-4dff-ad2e-6475312def66] INFO  o.eclipse.m2e.core.internal.Bundles - 	Entry: /Applications/Eclipse.app/Contents/Eclipse/plugins/org.eclipse.m2e.maven.runtime_3.9.100.20230519-1558
2023-07-24 13:39:21,458 [Worker-29: Launching mavenrun-e881580b-0764-4dff-ad2e-6475312def66] INFO  o.eclipse.m2e.core.internal.Bundles - 	Entry: /Applications/Eclipse.app/Contents/Eclipse/plugins/org.eclipse.m2e.maven.runtime_3.9.100.20230519-1558/jars/aether-connector-okhttp-0.17.8.jar
2023-07-24 13:39:21,459 [Worker-29: Launching mavenrun-e881580b-0764-4dff-ad2e-6475312def66] INFO  o.eclipse.m2e.core.internal.Bundles - 	Entry: /Applications/Eclipse.app/Contents/Eclipse/plugins/org.eclipse.m2e.maven.runtime_3.9.100.20230519-1558/jars/aopalliance-1.0.jar
2023-07-24 13:39:21,459 [Worker-29: Launching mavenrun-e881580b-0764-4dff-ad2e-6475312def66] INFO  o.eclipse.m2e.core.internal.Bundles - 	Entry: /Applications/Eclipse.app/Contents/Eclipse/plugins/org.eclipse.m2e.maven.runtime_3.9.100.20230519-1558/jars/commons-lang3-3.8.1.jar
2023-07-24 13:39:21,459 [Worker-29: Launching mavenrun-e881580b-0764-4dff-ad2e-6475312def66] INFO  o.eclipse.m2e.core.internal.Bundles - 	Entry: /Applications/Eclipse.app/Contents/Eclipse/plugins/org.eclipse.m2e.maven.runtime_3.9.100.20230519-1558/jars/failureaccess-1.0.1.jar
2023-07-24 13:39:21,459 [Worker-29: Launching mavenrun-e881580b-0764-4dff-ad2e-6475312def66] INFO  o.eclipse.m2e.core.internal.Bundles - 	Entry: /Applications/Eclipse.app/Contents/Eclipse/plugins/org.eclipse.m2e.maven.runtime_3.9.100.20230519-1558/jars/guava-30.1-jre.jar
2023-07-24 13:39:21,459 [Worker-29: Launching mavenrun-e881580b-0764-4dff-ad2e-6475312def66] INFO  o.eclipse.m2e.core.internal.Bundles - 	Entry: /Applications/Eclipse.app/Contents/Eclipse/plugins/org.eclipse.m2e.maven.runtime_3.9.100.20230519-1558/jars/guice-5.1.0.jar
2023-07-24 13:39:21,459 [Worker-29: Launching mavenrun-e881580b-0764-4dff-ad2e-6475312def66] INFO  o.eclipse.m2e.core.internal.Bundles - 	Entry: /Applications/Eclipse.app/Contents/Eclipse/plugins/org.eclipse.m2e.maven.runtime_3.9.100.20230519-1558/jars/jansi-2.4.0.jar
2023-07-24 13:39:21,459 [Worker-29: Launching mavenrun-e881580b-0764-4dff-ad2e-6475312def66] INFO  o.eclipse.m2e.core.internal.Bundles - 	Entry: /Applications/Eclipse.app/Contents/Eclipse/plugins/org.eclipse.m2e.maven.runtime_3.9.100.20230519-1558/jars/maven-artifact-3.9.1.jar
2023-07-24 13:39:21,459 [Worker-29: Launching mavenrun-e881580b-0764-4dff-ad2e-6475312def66] INFO  o.eclipse.m2e.core.internal.Bundles - 	Entry: /Applications/Eclipse.app/Contents/Eclipse/plugins/org.eclipse.m2e.maven.runtime_3.9.100.20230519-1558/jars/maven-builder-support-3.9.1.jar
2023-07-24 13:39:21,459 [Worker-29: Launching mavenrun-e881580b-0764-4dff-ad2e-6475312def66] INFO  o.eclipse.m2e.core.internal.Bundles - 	Entry: /Applications/Eclipse.app/Contents/Eclipse/plugins/org.eclipse.m2e.maven.runtime_3.9.100.20230519-1558/jars/maven-compat-3.9.1.jar
2023-07-24 13:39:21,459 [Worker-29: Launching mavenrun-e881580b-0764-4dff-ad2e-6475312def66] INFO  o.eclipse.m2e.core.internal.Bundles - 	Entry: /Applications/Eclipse.app/Contents/Eclipse/plugins/org.eclipse.m2e.maven.runtime_3.9.100.20230519-1558/jars/maven-core-3.9.1.jar
2023-07-24 13:39:21,459 [Worker-29: Launching mavenrun-e881580b-0764-4dff-ad2e-6475312def66] INFO  o.eclipse.m2e.core.internal.Bundles - 	Entry: /Applications/Eclipse.app/Contents/Eclipse/plugins/org.eclipse.m2e.maven.runtime_3.9.100.20230519-1558/jars/maven-embedder-3.9.1.jar
2023-07-24 13:39:21,459 [Worker-29: Launching mavenrun-e881580b-0764-4dff-ad2e-6475312def66] INFO  o.eclipse.m2e.core.internal.Bundles - 	Entry: /Applications/Eclipse.app/Contents/Eclipse/plugins/org.eclipse.m2e.maven.runtime_3.9.100.20230519-1558/jars/maven-model-3.9.1.jar
2023-07-24 13:39:21,459 [Worker-29: Launching mavenrun-e881580b-0764-4dff-ad2e-6475312def66] INFO  o.eclipse.m2e.core.internal.Bundles - 	Entry: /Applications/Eclipse.app/Contents/Eclipse/plugins/org.eclipse.m2e.maven.runtime_3.9.100.20230519-1558/jars/maven-model-builder-3.9.1.jar
2023-07-24 13:39:21,459 [Worker-29: Launching mavenrun-e881580b-0764-4dff-ad2e-6475312def66] INFO  o.eclipse.m2e.core.internal.Bundles - 	Entry: /Applications/Eclipse.app/Contents/Eclipse/plugins/org.eclipse.m2e.maven.runtime_3.9.100.20230519-1558/jars/maven-plugin-api-3.9.1.jar
2023-07-24 13:39:21,459 [Worker-29: Launching mavenrun-e881580b-0764-4dff-ad2e-6475312def66] INFO  o.eclipse.m2e.core.internal.Bundles - 	Entry: /Applications/Eclipse.app/Contents/Eclipse/plugins/org.eclipse.m2e.maven.runtime_3.9.100.20230519-1558/jars/maven-repository-metadata-3.9.1.jar
2023-07-24 13:39:21,459 [Worker-29: Launching mavenrun-e881580b-0764-4dff-ad2e-6475312def66] INFO  o.eclipse.m2e.core.internal.Bundles - 	Entry: /Applications/Eclipse.app/Contents/Eclipse/plugins/org.eclipse.m2e.maven.runtime_3.9.100.20230519-1558/jars/maven-resolver-api-1.9.7.jar
2023-07-24 13:39:21,459 [Worker-29: Launching mavenrun-e881580b-0764-4dff-ad2e-6475312def66] INFO  o.eclipse.m2e.core.internal.Bundles - 	Entry: /Applications/Eclipse.app/Contents/Eclipse/plugins/org.eclipse.m2e.maven.runtime_3.9.100.20230519-1558/jars/maven-resolver-connector-basic-1.9.7.jar
2023-07-24 13:39:21,459 [Worker-29: Launching mavenrun-e881580b-0764-4dff-ad2e-6475312def66] INFO  o.eclipse.m2e.core.internal.Bundles - 	Entry: /Applications/Eclipse.app/Contents/Eclipse/plugins/org.eclipse.m2e.maven.runtime_3.9.100.20230519-1558/jars/maven-resolver-impl-1.9.7.jar
2023-07-24 13:39:21,460 [Worker-29: Launching mavenrun-e881580b-0764-4dff-ad2e-6475312def66] INFO  o.eclipse.m2e.core.internal.Bundles - 	Entry: /Applications/Eclipse.app/Contents/Eclipse/plugins/org.eclipse.m2e.maven.runtime_3.9.100.20230519-1558/jars/maven-resolver-named-locks-1.9.7.jar
2023-07-24 13:39:21,460 [Worker-29: Launching mavenrun-e881580b-0764-4dff-ad2e-6475312def66] INFO  o.eclipse.m2e.core.internal.Bundles - 	Entry: /Applications/Eclipse.app/Contents/Eclipse/plugins/org.eclipse.m2e.maven.runtime_3.9.100.20230519-1558/jars/maven-resolver-provider-3.9.1.jar
2023-07-24 13:39:21,460 [Worker-29: Launching mavenrun-e881580b-0764-4dff-ad2e-6475312def66] INFO  o.eclipse.m2e.core.internal.Bundles - 	Entry: /Applications/Eclipse.app/Contents/Eclipse/plugins/org.eclipse.m2e.maven.runtime_3.9.100.20230519-1558/jars/maven-resolver-spi-1.9.7.jar
2023-07-24 13:39:21,460 [Worker-29: Launching mavenrun-e881580b-0764-4dff-ad2e-6475312def66] INFO  o.eclipse.m2e.core.internal.Bundles - 	Entry: /Applications/Eclipse.app/Contents/Eclipse/plugins/org.eclipse.m2e.maven.runtime_3.9.100.20230519-1558/jars/maven-resolver-transport-wagon-1.9.7.jar
2023-07-24 13:39:21,460 [Worker-29: Launching mavenrun-e881580b-0764-4dff-ad2e-6475312def66] INFO  o.eclipse.m2e.core.internal.Bundles - 	Entry: /Applications/Eclipse.app/Contents/Eclipse/plugins/org.eclipse.m2e.maven.runtime_3.9.100.20230519-1558/jars/maven-resolver-util-1.9.7.jar
2023-07-24 13:39:21,460 [Worker-29: Launching mavenrun-e881580b-0764-4dff-ad2e-6475312def66] INFO  o.eclipse.m2e.core.internal.Bundles - 	Entry: /Applications/Eclipse.app/Contents/Eclipse/plugins/org.eclipse.m2e.maven.runtime_3.9.100.20230519-1558/jars/maven-settings-3.9.1.jar
2023-07-24 13:39:21,460 [Worker-29: Launching mavenrun-e881580b-0764-4dff-ad2e-6475312def66] INFO  o.eclipse.m2e.core.internal.Bundles - 	Entry: /Applications/Eclipse.app/Contents/Eclipse/plugins/org.eclipse.m2e.maven.runtime_3.9.100.20230519-1558/jars/maven-settings-builder-3.9.1.jar
2023-07-24 13:39:21,460 [Worker-29: Launching mavenrun-e881580b-0764-4dff-ad2e-6475312def66] INFO  o.eclipse.m2e.core.internal.Bundles - 	Entry: /Applications/Eclipse.app/Contents/Eclipse/plugins/org.eclipse.m2e.maven.runtime_3.9.100.20230519-1558/jars/maven-shared-utils-3.3.4.jar
2023-07-24 13:39:21,460 [Worker-29: Launching mavenrun-e881580b-0764-4dff-ad2e-6475312def66] INFO  o.eclipse.m2e.core.internal.Bundles - 	Entry: /Applications/Eclipse.app/Contents/Eclipse/plugins/org.eclipse.m2e.maven.runtime_3.9.100.20230519-1558/jars/okhttp-3.14.1.jar
2023-07-24 13:39:21,460 [Worker-29: Launching mavenrun-e881580b-0764-4dff-ad2e-6475312def66] INFO  o.eclipse.m2e.core.internal.Bundles - 	Entry: /Applications/Eclipse.app/Contents/Eclipse/plugins/org.eclipse.m2e.maven.runtime_3.9.100.20230519-1558/jars/okio-1.17.3.jar
2023-07-24 13:39:21,460 [Worker-29: Launching mavenrun-e881580b-0764-4dff-ad2e-6475312def66] INFO  o.eclipse.m2e.core.internal.Bundles - 	Entry: /Applications/Eclipse.app/Contents/Eclipse/plugins/org.eclipse.m2e.maven.runtime_3.9.100.20230519-1558/jars/org.eclipse.sisu.inject-0.3.5.jar
2023-07-24 13:39:21,460 [Worker-29: Launching mavenrun-e881580b-0764-4dff-ad2e-6475312def66] INFO  o.eclipse.m2e.core.internal.Bundles - 	Entry: /Applications/Eclipse.app/Contents/Eclipse/plugins/org.eclipse.m2e.maven.runtime_3.9.100.20230519-1558/jars/org.eclipse.sisu.plexus-0.3.5.jar
2023-07-24 13:39:21,460 [Worker-29: Launching mavenrun-e881580b-0764-4dff-ad2e-6475312def66] INFO  o.eclipse.m2e.core.internal.Bundles - 	Entry: /Applications/Eclipse.app/Contents/Eclipse/plugins/org.eclipse.m2e.maven.runtime_3.9.100.20230519-1558/jars/plexus-build-api-0.0.7.jar
2023-07-24 13:39:21,460 [Worker-29: Launching mavenrun-e881580b-0764-4dff-ad2e-6475312def66] INFO  o.eclipse.m2e.core.internal.Bundles - 	Entry: /Applications/Eclipse.app/Contents/Eclipse/plugins/org.eclipse.m2e.maven.runtime_3.9.100.20230519-1558/jars/plexus-cipher-2.0.jar
2023-07-24 13:39:21,460 [Worker-29: Launching mavenrun-e881580b-0764-4dff-ad2e-6475312def66] INFO  o.eclipse.m2e.core.internal.Bundles - 	Entry: /Applications/Eclipse.app/Contents/Eclipse/plugins/org.eclipse.m2e.maven.runtime_3.9.100.20230519-1558/jars/plexus-classworlds-2.6.0.jar
2023-07-24 13:39:21,460 [Worker-29: Launching mavenrun-e881580b-0764-4dff-ad2e-6475312def66] INFO  o.eclipse.m2e.core.internal.Bundles - 	Entry: /Applications/Eclipse.app/Contents/Eclipse/plugins/org.eclipse.m2e.maven.runtime_3.9.100.20230519-1558/jars/plexus-component-annotations-2.1.0.jar
2023-07-24 13:39:21,460 [Worker-29: Launching mavenrun-e881580b-0764-4dff-ad2e-6475312def66] INFO  o.eclipse.m2e.core.internal.Bundles - 	Entry: /Applications/Eclipse.app/Contents/Eclipse/plugins/org.eclipse.m2e.maven.runtime_3.9.100.20230519-1558/jars/plexus-interpolation-1.26.jar
2023-07-24 13:39:21,460 [Worker-29: Launching mavenrun-e881580b-0764-4dff-ad2e-6475312def66] INFO  o.eclipse.m2e.core.internal.Bundles - 	Entry: /Applications/Eclipse.app/Contents/Eclipse/plugins/org.eclipse.m2e.maven.runtime_3.9.100.20230519-1558/jars/plexus-sec-dispatcher-2.0.jar
2023-07-24 13:39:21,460 [Worker-29: Launching mavenrun-e881580b-0764-4dff-ad2e-6475312def66] INFO  o.eclipse.m2e.core.internal.Bundles - 	Entry: /Applications/Eclipse.app/Contents/Eclipse/plugins/org.eclipse.m2e.maven.runtime_3.9.100.20230519-1558/jars/plexus-utils-3.5.1.jar
2023-07-24 13:39:21,460 [Worker-29: Launching mavenrun-e881580b-0764-4dff-ad2e-6475312def66] INFO  o.eclipse.m2e.core.internal.Bundles - 	Entry: /Applications/Eclipse.app/Contents/Eclipse/plugins/org.eclipse.m2e.maven.runtime_3.9.100.20230519-1558/jars/wagon-file-3.5.3.jar
2023-07-24 13:39:21,460 [Worker-29: Launching mavenrun-e881580b-0764-4dff-ad2e-6475312def66] INFO  o.eclipse.m2e.core.internal.Bundles - 	Entry: /Applications/Eclipse.app/Contents/Eclipse/plugins/org.eclipse.m2e.maven.runtime_3.9.100.20230519-1558/jars/wagon-provider-api-3.5.3.jar
2023-07-24 13:39:21,462 [Worker-29: Launching mavenrun-e881580b-0764-4dff-ad2e-6475312def66] INFO  o.eclipse.m2e.core.internal.Bundles - getClasspathEntries(Bundle=com.google.guava_31.1.0.jre [13])
2023-07-24 13:39:21,468 [Worker-29: Launching mavenrun-e881580b-0764-4dff-ad2e-6475312def66] INFO  o.eclipse.m2e.core.internal.Bundles - 	Entry: /Applications/Eclipse.app/Contents/Eclipse/plugins/com.google.guava_31.1.0.jre.jar
2023-07-24 13:39:21,469 [Worker-29: Launching mavenrun-e881580b-0764-4dff-ad2e-6475312def66] INFO  o.eclipse.m2e.core.internal.Bundles - getClasspathEntries(Bundle=slf4j.api_1.7.36 [976])
2023-07-24 13:39:21,469 [Worker-29: Launching mavenrun-e881580b-0764-4dff-ad2e-6475312def66] INFO  o.eclipse.m2e.core.internal.Bundles - 	Entry: /Applications/Eclipse.app/Contents/Eclipse/plugins/slf4j.api_1.7.36.jar
2023-07-24 13:39:21,469 [Worker-29: Launching mavenrun-e881580b-0764-4dff-ad2e-6475312def66] INFO  o.eclipse.m2e.core.internal.Bundles - getClasspathEntries(Bundle=javax.inject_1.0.0.v20220405-0441 [37])
2023-07-24 13:39:21,480 [Worker-29: Launching mavenrun-e881580b-0764-4dff-ad2e-6475312def66] INFO  o.eclipse.m2e.core.internal.Bundles - 	Entry: /Applications/Eclipse.app/Contents/Eclipse/plugins/javax.inject_1.0.0.v20220405-0441.jar
2023-07-24 13:39:21,480 [Worker-29: Launching mavenrun-e881580b-0764-4dff-ad2e-6475312def66] INFO  o.eclipse.m2e.core.internal.Bundles - getClasspathEntries(Bundle=javax.annotation_1.3.5.v20230504-0748 [35])
2023-07-24 13:39:21,482 [Worker-29: Launching mavenrun-e881580b-0764-4dff-ad2e-6475312def66] INFO  o.eclipse.m2e.core.internal.Bundles - 	Entry: /Applications/Eclipse.app/Contents/Eclipse/plugins/javax.annotation_1.3.5.v20230504-0748.jar
2023-07-24 13:39:21,484 [Worker-29: Launching mavenrun-e881580b-0764-4dff-ad2e-6475312def66] INFO  o.eclipse.m2e.core.internal.Bundles - getClasspathEntries(Bundle=org.apache.commons.cli_1.5.0 [69])
2023-07-24 13:39:21,484 [Worker-29: Launching mavenrun-e881580b-0764-4dff-ad2e-6475312def66] INFO  o.eclipse.m2e.core.internal.Bundles - 	Entry: /Applications/Eclipse.app/Contents/Eclipse/plugins/org.apache.commons.cli_1.5.0.jar
2023-07-24 13:39:21,484 [Worker-29: Launching mavenrun-e881580b-0764-4dff-ad2e-6475312def66] INFO  o.eclipse.m2e.core.internal.Bundles - getClasspathEntries(Bundle=com.google.guava.failureaccess_1.0.1 [14])
2023-07-24 13:39:21,484 [Worker-29: Launching mavenrun-e881580b-0764-4dff-ad2e-6475312def66] INFO  o.eclipse.m2e.core.internal.Bundles - 	Entry: /Applications/Eclipse.app/Contents/Eclipse/plugins/com.google.guava.failureaccess_1.0.1.jar
2023-07-24 13:39:21,486 [Worker-29: Launching mavenrun-e881580b-0764-4dff-ad2e-6475312def66] INFO  o.e.m.i.launch.MavenLaunchDelegate - Run build in "/var/folders/j4/x1mdcc6n2pz74pny_my60dc80000gn/T/m2e-archetypeGenerator2176170654589182272":
2023-07-24 13:39:21,489 [Worker-29: Launching mavenrun-e881580b-0764-4dff-ad2e-6475312def66] INFO  o.e.m.i.launch.MavenLaunchDelegate -  mvn  -DterasolunaPlusVersion=1.0.0.RELEASE -DapplicationName=my-application -DappShortId=application -DbusinessShortId=module -DmailServer=localhost -DmailServerPort=25 -DarchetypeGroupId=cloud.altemista.fwk.archetype -DarchetypeArtifactId=cloud-altemistafwk-core-mail-javamail-archetype -DarchetypeVersion=3.1.0.RELEASE -DgroupId=SeleniumProject -DartifactId=SeleniumProject -Dversion=0.0.1-SNAPSHOT -Dpackage=SeleniumProject.SeleniumProject -DoutputDirectory=/Users/ashishshukla/eclipse-workspace -Dstyle.color=always -U archetype:generate
2023-07-24 13:39:49,629 [Worker-47: Creating cloud-altemistafwk-core-mail-javamail-archetype] INFO  o.e.m.c.i.p.ProjectConfigurationManager - Imported and configured 0 project(s) in 0 sec
2023-08-22 13:01:54,128 [Worker-11: Loading available Gradle versions] INFO  o.e.b.c.i.u.g.PublishedGradleVersions - Gradle version information cache is out-of-date. Trying to update.
2023-08-23 16:03:57,431 [Worker-11: Loading available Gradle versions] INFO  o.e.b.c.i.u.g.PublishedGradleVersions - Gradle version information cache is out-of-date. Trying to update.
2023-08-29 15:58:52,569 [Worker-206: Creating project "uitest"] INFO  o.e.m.c.i.e.AbstractTransferListenerAdapter - Downloading https://repo.maven.apache.org/maven2/org/apache/maven/plugins/maven-resources-plugin/3.3.0/maven-resources-plugin-3.3.0.jar
2023-08-29 15:58:52,620 [Worker-206: Creating project "uitest"] INFO  o.e.m.c.i.e.AbstractTransferListenerAdapter - Downloaded https://repo.maven.apache.org/maven2/org/apache/maven/plugins/maven-resources-plugin/3.3.0/maven-resources-plugin-3.3.0.jar
2023-08-29 15:58:52,656 [Worker-206: Creating project "uitest"] INFO  o.e.m.c.i.e.AbstractTransferListenerAdapter - Downloading https://repo.maven.apache.org/maven2/org/apache/maven/plugins/maven-compiler-plugin/3.10.1/maven-compiler-plugin-3.10.1.jar
2023-08-29 15:58:52,704 [Worker-206: Creating project "uitest"] INFO  o.e.m.c.i.e.AbstractTransferListenerAdapter - Downloaded https://repo.maven.apache.org/maven2/org/apache/maven/plugins/maven-compiler-plugin/3.10.1/maven-compiler-plugin-3.10.1.jar
2023-08-29 15:58:52,736 [Worker-206: Creating project "uitest"] INFO  o.e.m.c.i.e.AbstractTransferListenerAdapter - Downloading https://repo.maven.apache.org/maven2/org/apache/maven/plugins/maven-surefire-plugin/3.0.0/maven-surefire-plugin-3.0.0.jar
2023-08-29 15:58:52,778 [Worker-206: Creating project "uitest"] INFO  o.e.m.c.i.e.AbstractTransferListenerAdapter - Downloaded https://repo.maven.apache.org/maven2/org/apache/maven/plugins/maven-surefire-plugin/3.0.0/maven-surefire-plugin-3.0.0.jar
2023-08-29 15:58:52,805 [Worker-206: Creating project "uitest"] INFO  o.e.m.c.i.e.AbstractTransferListenerAdapter - Downloading https://repo.maven.apache.org/maven2/org/apache/maven/plugins/maven-jar-plugin/3.3.0/maven-jar-plugin-3.3.0.jar
2023-08-29 15:58:52,837 [Worker-206: Creating project "uitest"] INFO  o.e.m.c.i.e.AbstractTransferListenerAdapter - Downloaded https://repo.maven.apache.org/maven2/org/apache/maven/plugins/maven-jar-plugin/3.3.0/maven-jar-plugin-3.3.0.jar
2023-08-29 15:58:52,896 [Worker-206: Creating project "uitest"] INFO  o.e.m.c.i.e.AbstractTransferListenerAdapter - Downloading https://repo.maven.apache.org/maven2/org/apache/maven/plugins/maven-compiler-plugin/3.10.1/maven-compiler-plugin-3.10.1.pom
2023-08-29 15:58:52,927 [Worker-206: Creating project "uitest"] INFO  o.e.m.c.i.e.AbstractTransferListenerAdapter - Downloaded https://repo.maven.apache.org/maven2/org/apache/maven/plugins/maven-compiler-plugin/3.10.1/maven-compiler-plugin-3.10.1.pom
2023-08-29 15:58:52,969 [Worker-206: Creating project "uitest"] INFO  o.e.m.c.i.e.AbstractTransferListenerAdapter - Downloading https://repo.maven.apache.org/maven2/org/apache/maven/plugins/maven-plugins/34/maven-plugins-34.pom
2023-08-29 15:58:53,002 [Worker-206: Creating project "uitest"] INFO  o.e.m.c.i.e.AbstractTransferListenerAdapter - Downloaded https://repo.maven.apache.org/maven2/org/apache/maven/plugins/maven-plugins/34/maven-plugins-34.pom
2023-08-29 15:58:53,110 [Worker-206: Creating project "uitest"] INFO  o.e.m.c.i.e.AbstractTransferListenerAdapter - Downloading https://repo.maven.apache.org/maven2/org/apache/maven/shared/maven-shared-utils/3.3.4/maven-shared-utils-3.3.4.pom
2023-08-29 15:58:53,145 [Worker-206: Creating project "uitest"] INFO  o.e.m.c.i.e.AbstractTransferListenerAdapter - Downloaded https://repo.maven.apache.org/maven2/org/apache/maven/shared/maven-shared-utils/3.3.4/maven-shared-utils-3.3.4.pom
2023-08-29 15:58:53,216 [Worker-206: Creating project "uitest"] INFO  o.e.m.c.i.e.AbstractTransferListenerAdapter - Downloading https://repo.maven.apache.org/maven2/org/apache/maven/shared/maven-shared-incremental/1.1/maven-shared-incremental-1.1.pom
2023-08-29 15:58:53,249 [Worker-206: Creating project "uitest"] INFO  o.e.m.c.i.e.AbstractTransferListenerAdapter - Downloaded https://repo.maven.apache.org/maven2/org/apache/maven/shared/maven-shared-incremental/1.1/maven-shared-incremental-1.1.pom
2023-08-29 15:58:53,282 [Worker-206: Creating project "uitest"] INFO  o.e.m.c.i.e.AbstractTransferListenerAdapter - Downloading https://repo.maven.apache.org/maven2/org/apache/maven/shared/maven-shared-components/19/maven-shared-components-19.pom
2023-08-29 15:58:53,312 [Worker-206: Creating project "uitest"] INFO  o.e.m.c.i.e.AbstractTransferListenerAdapter - Downloaded https://repo.maven.apache.org/maven2/org/apache/maven/shared/maven-shared-components/19/maven-shared-components-19.pom
2023-08-29 15:58:53,375 [Worker-206: Creating project "uitest"] INFO  o.e.m.c.i.e.AbstractTransferListenerAdapter - Downloading https://repo.maven.apache.org/maven2/org/codehaus/plexus/plexus-java/1.1.1/plexus-java-1.1.1.pom
2023-08-29 15:58:53,403 [Worker-206: Creating project "uitest"] INFO  o.e.m.c.i.e.AbstractTransferListenerAdapter - Downloaded https://repo.maven.apache.org/maven2/org/codehaus/plexus/plexus-java/1.1.1/plexus-java-1.1.1.pom
2023-08-29 15:58:53,442 [Worker-206: Creating project "uitest"] INFO  o.e.m.c.i.e.AbstractTransferListenerAdapter - Downloading https://repo.maven.apache.org/maven2/org/codehaus/plexus/plexus-languages/1.1.1/plexus-languages-1.1.1.pom
2023-08-29 15:58:53,497 [Worker-206: Creating project "uitest"] INFO  o.e.m.c.i.e.AbstractTransferListenerAdapter - Downloaded https://repo.maven.apache.org/maven2/org/codehaus/plexus/plexus-languages/1.1.1/plexus-languages-1.1.1.pom
2023-08-29 15:58:53,532 [Worker-206: Creating project "uitest"] INFO  o.e.m.c.i.e.AbstractTransferListenerAdapter - Downloading https://repo.maven.apache.org/maven2/org/codehaus/plexus/plexus/8/plexus-8.pom
2023-08-29 15:58:53,559 [Worker-206: Creating project "uitest"] INFO  o.e.m.c.i.e.AbstractTransferListenerAdapter - Downloaded https://repo.maven.apache.org/maven2/org/codehaus/plexus/plexus/8/plexus-8.pom
2023-08-29 15:58:53,606 [Worker-206: Creating project "uitest"] INFO  o.e.m.c.i.e.AbstractTransferListenerAdapter - Downloading https://repo.maven.apache.org/maven2/org/ow2/asm/asm/9.2/asm-9.2.pom
2023-08-29 15:58:53,632 [Worker-206: Creating project "uitest"] INFO  o.e.m.c.i.e.AbstractTransferListenerAdapter - Downloaded https://repo.maven.apache.org/maven2/org/ow2/asm/asm/9.2/asm-9.2.pom
2023-08-29 15:58:53,660 [Worker-206: Creating project "uitest"] INFO  o.e.m.c.i.e.AbstractTransferListenerAdapter - Downloading https://repo.maven.apache.org/maven2/org/ow2/ow2/1.5/ow2-1.5.pom
2023-08-29 15:58:53,686 [Worker-206: Creating project "uitest"] INFO  o.e.m.c.i.e.AbstractTransferListenerAdapter - Downloaded https://repo.maven.apache.org/maven2/org/ow2/ow2/1.5/ow2-1.5.pom
2023-08-29 15:58:53,717 [Worker-206: Creating project "uitest"] INFO  o.e.m.c.i.e.AbstractTransferListenerAdapter - Downloading https://repo.maven.apache.org/maven2/com/thoughtworks/qdox/qdox/2.0.1/qdox-2.0.1.pom
2023-08-29 15:58:53,748 [Worker-206: Creating project "uitest"] INFO  o.e.m.c.i.e.AbstractTransferListenerAdapter - Downloaded https://repo.maven.apache.org/maven2/com/thoughtworks/qdox/qdox/2.0.1/qdox-2.0.1.pom
2023-08-29 15:58:53,791 [Worker-206: Creating project "uitest"] INFO  o.e.m.c.i.e.AbstractTransferListenerAdapter - Downloading https://repo.maven.apache.org/maven2/org/sonatype/oss/oss-parent/9/oss-parent-9.pom
2023-08-29 15:58:53,817 [Worker-206: Creating project "uitest"] INFO  o.e.m.c.i.e.AbstractTransferListenerAdapter - Downloaded https://repo.maven.apache.org/maven2/org/sonatype/oss/oss-parent/9/oss-parent-9.pom
2023-08-29 15:58:53,856 [Worker-206: Creating project "uitest"] INFO  o.e.m.c.i.e.AbstractTransferListenerAdapter - Downloading https://repo.maven.apache.org/maven2/org/codehaus/plexus/plexus-compiler-api/2.11.1/plexus-compiler-api-2.11.1.pom
2023-08-29 15:58:53,884 [Worker-206: Creating project "uitest"] INFO  o.e.m.c.i.e.AbstractTransferListenerAdapter - Downloaded https://repo.maven.apache.org/maven2/org/codehaus/plexus/plexus-compiler-api/2.11.1/plexus-compiler-api-2.11.1.pom
2023-08-29 15:58:53,912 [Worker-206: Creating project "uitest"] INFO  o.e.m.c.i.e.AbstractTransferListenerAdapter - Downloading https://repo.maven.apache.org/maven2/org/codehaus/plexus/plexus-compiler/2.11.1/plexus-compiler-2.11.1.pom
2023-08-29 15:58:53,940 [Worker-206: Creating project "uitest"] INFO  o.e.m.c.i.e.AbstractTransferListenerAdapter - Downloaded https://repo.maven.apache.org/maven2/org/codehaus/plexus/plexus-compiler/2.11.1/plexus-compiler-2.11.1.pom
2023-08-29 15:58:53,970 [Worker-206: Creating project "uitest"] INFO  o.e.m.c.i.e.AbstractTransferListenerAdapter - Downloading https://repo.maven.apache.org/maven2/org/codehaus/plexus/plexus-components/6.6/plexus-components-6.6.pom
2023-08-29 15:58:53,998 [Worker-206: Creating project "uitest"] INFO  o.e.m.c.i.e.AbstractTransferListenerAdapter - Downloaded https://repo.maven.apache.org/maven2/org/codehaus/plexus/plexus-components/6.6/plexus-components-6.6.pom
2023-08-29 15:58:54,039 [Worker-206: Creating project "uitest"] INFO  o.e.m.c.i.e.AbstractTransferListenerAdapter - Downloading https://repo.maven.apache.org/maven2/org/junit/junit-bom/5.8.2/junit-bom-5.8.2.pom
2023-08-29 15:58:54,069 [Worker-206: Creating project "uitest"] INFO  o.e.m.c.i.e.AbstractTransferListenerAdapter - Downloaded https://repo.maven.apache.org/maven2/org/junit/junit-bom/5.8.2/junit-bom-5.8.2.pom
2023-08-29 15:58:54,105 [Worker-206: Creating project "uitest"] INFO  o.e.m.c.i.e.AbstractTransferListenerAdapter - Downloading https://repo.maven.apache.org/maven2/org/codehaus/plexus/plexus-utils/3.4.1/plexus-utils-3.4.1.pom
2023-08-29 15:58:54,134 [Worker-206: Creating project "uitest"] INFO  o.e.m.c.i.e.AbstractTransferListenerAdapter - Downloaded https://repo.maven.apache.org/maven2/org/codehaus/plexus/plexus-utils/3.4.1/plexus-utils-3.4.1.pom
2023-08-29 15:58:54,166 [Worker-206: Creating project "uitest"] INFO  o.e.m.c.i.e.AbstractTransferListenerAdapter - Downloading https://repo.maven.apache.org/maven2/org/codehaus/plexus/plexus-compiler-manager/2.11.1/plexus-compiler-manager-2.11.1.pom
2023-08-29 15:58:54,205 [Worker-206: Creating project "uitest"] INFO  o.e.m.c.i.e.AbstractTransferListenerAdapter - Downloaded https://repo.maven.apache.org/maven2/org/codehaus/plexus/plexus-compiler-manager/2.11.1/plexus-compiler-manager-2.11.1.pom
2023-08-29 15:58:54,240 [Worker-206: Creating project "uitest"] INFO  o.e.m.c.i.e.AbstractTransferListenerAdapter - Downloading https://repo.maven.apache.org/maven2/org/codehaus/plexus/plexus-compiler-javac/2.11.1/plexus-compiler-javac-2.11.1.pom
2023-08-29 15:58:54,265 [Worker-206: Creating project "uitest"] INFO  o.e.m.c.i.e.AbstractTransferListenerAdapter - Downloaded https://repo.maven.apache.org/maven2/org/codehaus/plexus/plexus-compiler-javac/2.11.1/plexus-compiler-javac-2.11.1.pom
2023-08-29 15:58:54,297 [Worker-206: Creating project "uitest"] INFO  o.e.m.c.i.e.AbstractTransferListenerAdapter - Downloading https://repo.maven.apache.org/maven2/org/codehaus/plexus/plexus-compilers/2.11.1/plexus-compilers-2.11.1.pom
2023-08-29 15:58:54,323 [Worker-206: Creating project "uitest"] INFO  o.e.m.c.i.e.AbstractTransferListenerAdapter - Downloaded https://repo.maven.apache.org/maven2/org/codehaus/plexus/plexus-compilers/2.11.1/plexus-compilers-2.11.1.pom
2023-08-29 15:58:54,367 [AetherRepositoryConnector-repo.maven.apache.org-0-0] INFO  o.e.m.c.i.e.AbstractTransferListenerAdapter - Downloading https://repo.maven.apache.org/maven2/org/apache/maven/shared/maven-shared-utils/3.3.4/maven-shared-utils-3.3.4.jar
2023-08-29 15:58:54,394 [AetherRepositoryConnector-repo.maven.apache.org-0-4] INFO  o.e.m.c.i.e.AbstractTransferListenerAdapter - Downloading https://repo.maven.apache.org/maven2/com/thoughtworks/qdox/qdox/2.0.1/qdox-2.0.1.jar
2023-08-29 15:58:54,395 [AetherRepositoryConnector-repo.maven.apache.org-0-1] INFO  o.e.m.c.i.e.AbstractTransferListenerAdapter - Downloading https://repo.maven.apache.org/maven2/org/apache/maven/shared/maven-shared-incremental/1.1/maven-shared-incremental-1.1.jar
2023-08-29 15:58:54,395 [AetherRepositoryConnector-repo.maven.apache.org-0-2] INFO  o.e.m.c.i.e.AbstractTransferListenerAdapter - Downloading https://repo.maven.apache.org/maven2/org/codehaus/plexus/plexus-java/1.1.1/plexus-java-1.1.1.jar
2023-08-29 15:58:54,395 [AetherRepositoryConnector-repo.maven.apache.org-0-3] INFO  o.e.m.c.i.e.AbstractTransferListenerAdapter - Downloading https://repo.maven.apache.org/maven2/org/ow2/asm/asm/9.2/asm-9.2.jar
2023-08-29 15:58:54,431 [AetherRepositoryConnector-repo.maven.apache.org-0-1] INFO  o.e.m.c.i.e.AbstractTransferListenerAdapter - Downloaded https://repo.maven.apache.org/maven2/org/apache/maven/shared/maven-shared-incremental/1.1/maven-shared-incremental-1.1.jar
2023-08-29 15:58:54,431 [AetherRepositoryConnector-repo.maven.apache.org-0-0] INFO  o.e.m.c.i.e.AbstractTransferListenerAdapter - Downloaded https://repo.maven.apache.org/maven2/org/apache/maven/shared/maven-shared-utils/3.3.4/maven-shared-utils-3.3.4.jar
2023-08-29 15:58:54,448 [AetherRepositoryConnector-repo.maven.apache.org-0-2] INFO  o.e.m.c.i.e.AbstractTransferListenerAdapter - Downloaded https://repo.maven.apache.org/maven2/org/codehaus/plexus/plexus-java/1.1.1/plexus-java-1.1.1.jar
2023-08-29 15:58:54,451 [AetherRepositoryConnector-repo.maven.apache.org-0-3] INFO  o.e.m.c.i.e.AbstractTransferListenerAdapter - Downloaded https://repo.maven.apache.org/maven2/org/ow2/asm/asm/9.2/asm-9.2.jar
2023-08-29 15:58:54,470 [AetherRepositoryConnector-repo.maven.apache.org-0-0] INFO  o.e.m.c.i.e.AbstractTransferListenerAdapter - Downloading https://repo.maven.apache.org/maven2/org/codehaus/plexus/plexus-compiler-api/2.11.1/plexus-compiler-api-2.11.1.jar
2023-08-29 15:58:54,471 [AetherRepositoryConnector-repo.maven.apache.org-0-1] INFO  o.e.m.c.i.e.AbstractTransferListenerAdapter - Downloading https://repo.maven.apache.org/maven2/org/codehaus/plexus/plexus-utils/3.4.1/plexus-utils-3.4.1.jar
2023-08-29 15:58:54,473 [AetherRepositoryConnector-repo.maven.apache.org-0-4] INFO  o.e.m.c.i.e.AbstractTransferListenerAdapter - Downloaded https://repo.maven.apache.org/maven2/com/thoughtworks/qdox/qdox/2.0.1/qdox-2.0.1.jar
2023-08-29 15:58:54,492 [AetherRepositoryConnector-repo.maven.apache.org-0-2] INFO  o.e.m.c.i.e.AbstractTransferListenerAdapter - Downloading https://repo.maven.apache.org/maven2/org/codehaus/plexus/plexus-compiler-manager/2.11.1/plexus-compiler-manager-2.11.1.jar
2023-08-29 15:58:54,502 [AetherRepositoryConnector-repo.maven.apache.org-0-3] INFO  o.e.m.c.i.e.AbstractTransferListenerAdapter - Downloading https://repo.maven.apache.org/maven2/org/codehaus/plexus/plexus-compiler-javac/2.11.1/plexus-compiler-javac-2.11.1.jar
2023-08-29 15:58:54,512 [AetherRepositoryConnector-repo.maven.apache.org-0-0] INFO  o.e.m.c.i.e.AbstractTransferListenerAdapter - Downloaded https://repo.maven.apache.org/maven2/org/codehaus/plexus/plexus-compiler-api/2.11.1/plexus-compiler-api-2.11.1.jar
2023-08-29 15:58:54,529 [AetherRepositoryConnector-repo.maven.apache.org-0-1] INFO  o.e.m.c.i.e.AbstractTransferListenerAdapter - Downloaded https://repo.maven.apache.org/maven2/org/codehaus/plexus/plexus-utils/3.4.1/plexus-utils-3.4.1.jar
2023-08-29 15:58:54,529 [AetherRepositoryConnector-repo.maven.apache.org-0-2] INFO  o.e.m.c.i.e.AbstractTransferListenerAdapter - Downloaded https://repo.maven.apache.org/maven2/org/codehaus/plexus/plexus-compiler-manager/2.11.1/plexus-compiler-manager-2.11.1.jar
2023-08-29 15:58:54,549 [AetherRepositoryConnector-repo.maven.apache.org-0-3] INFO  o.e.m.c.i.e.AbstractTransferListenerAdapter - Downloaded https://repo.maven.apache.org/maven2/org/codehaus/plexus/plexus-compiler-javac/2.11.1/plexus-compiler-javac-2.11.1.jar
2023-08-29 15:58:54,714 [Worker-206: Creating project "uitest"] INFO  o.e.m.c.i.l.LifecycleMappingFactory - Using org.eclipse.m2e.jdt.JarLifecycleMapping lifecycle mapping for MavenProject: uitest:uitest:0.0.1-SNAPSHOT @ /Users/ashishshukla/eclipse-workspace/uitest/pom.xml.
2023-08-29 15:58:54,755 [Worker-206: Creating project "uitest"] INFO  o.e.m.c.i.e.AbstractTransferListenerAdapter - Downloading https://repo.maven.apache.org/maven2/org/apache/maven/plugins/maven-resources-plugin/3.3.0/maven-resources-plugin-3.3.0.pom
2023-08-29 15:58:54,782 [Worker-206: Creating project "uitest"] INFO  o.e.m.c.i.e.AbstractTransferListenerAdapter - Downloaded https://repo.maven.apache.org/maven2/org/apache/maven/plugins/maven-resources-plugin/3.3.0/maven-resources-plugin-3.3.0.pom
2023-08-29 15:58:54,847 [Worker-206: Creating project "uitest"] INFO  o.e.m.c.i.e.AbstractTransferListenerAdapter - Downloading https://repo.maven.apache.org/maven2/org/apache/maven/plugins/maven-surefire-plugin/3.0.0/maven-surefire-plugin-3.0.0.pom
2023-08-29 15:58:54,874 [Worker-206: Creating project "uitest"] INFO  o.e.m.c.i.e.AbstractTransferListenerAdapter - Downloaded https://repo.maven.apache.org/maven2/org/apache/maven/plugins/maven-surefire-plugin/3.0.0/maven-surefire-plugin-3.0.0.pom
2023-08-29 15:58:54,905 [Worker-206: Creating project "uitest"] INFO  o.e.m.c.i.e.AbstractTransferListenerAdapter - Downloading https://repo.maven.apache.org/maven2/org/apache/maven/surefire/surefire/3.0.0/surefire-3.0.0.pom
2023-08-29 15:58:54,932 [Worker-206: Creating project "uitest"] INFO  o.e.m.c.i.e.AbstractTransferListenerAdapter - Downloaded https://repo.maven.apache.org/maven2/org/apache/maven/surefire/surefire/3.0.0/surefire-3.0.0.pom
2023-08-29 15:58:55,011 [Worker-206: Creating project "uitest"] INFO  o.e.m.c.i.e.AbstractTransferListenerAdapter - Downloading https://repo.maven.apache.org/maven2/org/apache/maven/plugins/maven-jar-plugin/3.3.0/maven-jar-plugin-3.3.0.pom
2023-08-29 15:58:55,038 [Worker-206: Creating project "uitest"] INFO  o.e.m.c.i.e.AbstractTransferListenerAdapter - Downloaded https://repo.maven.apache.org/maven2/org/apache/maven/plugins/maven-jar-plugin/3.3.0/maven-jar-plugin-3.3.0.pom
2023-08-29 15:58:55,113 [Worker-206: Creating project "uitest"] INFO  o.e.m.c.i.e.AbstractTransferListenerAdapter - Downloading https://repo.maven.apache.org/maven2/org/apache/maven/shared/file-management/3.1.0/file-management-3.1.0.pom
2023-08-29 15:58:55,140 [Worker-206: Creating project "uitest"] INFO  o.e.m.c.i.e.AbstractTransferListenerAdapter - Downloaded https://repo.maven.apache.org/maven2/org/apache/maven/shared/file-management/3.1.0/file-management-3.1.0.pom
2023-08-29 15:58:55,189 [Worker-206: Creating project "uitest"] INFO  o.e.m.c.i.e.AbstractTransferListenerAdapter - Downloading https://repo.maven.apache.org/maven2/org/apache/maven/shared/maven-shared-components/36/maven-shared-components-36.pom
2023-08-29 15:58:55,215 [Worker-206: Creating project "uitest"] INFO  o.e.m.c.i.e.AbstractTransferListenerAdapter - Downloaded https://repo.maven.apache.org/maven2/org/apache/maven/shared/maven-shared-components/36/maven-shared-components-36.pom
2023-08-29 15:58:55,256 [Worker-206: Creating project "uitest"] INFO  o.e.m.c.i.e.AbstractTransferListenerAdapter - Downloading https://repo.maven.apache.org/maven2/org/slf4j/slf4j-api/1.7.36/slf4j-api-1.7.36.pom
2023-08-29 15:58:55,289 [Worker-206: Creating project "uitest"] INFO  o.e.m.c.i.e.AbstractTransferListenerAdapter - Downloaded https://repo.maven.apache.org/maven2/org/slf4j/slf4j-api/1.7.36/slf4j-api-1.7.36.pom
2023-08-29 15:58:55,320 [Worker-206: Creating project "uitest"] INFO  o.e.m.c.i.e.AbstractTransferListenerAdapter - Downloading https://repo.maven.apache.org/maven2/org/slf4j/slf4j-parent/1.7.36/slf4j-parent-1.7.36.pom
2023-08-29 15:58:55,346 [Worker-206: Creating project "uitest"] INFO  o.e.m.c.i.e.AbstractTransferListenerAdapter - Downloaded https://repo.maven.apache.org/maven2/org/slf4j/slf4j-parent/1.7.36/slf4j-parent-1.7.36.pom
2023-08-29 15:58:55,384 [Worker-206: Creating project "uitest"] INFO  o.e.m.c.i.e.AbstractTransferListenerAdapter - Downloading https://repo.maven.apache.org/maven2/commons-io/commons-io/2.11.0/commons-io-2.11.0.pom
2023-08-29 15:58:55,413 [Worker-206: Creating project "uitest"] INFO  o.e.m.c.i.e.AbstractTransferListenerAdapter - Downloaded https://repo.maven.apache.org/maven2/commons-io/commons-io/2.11.0/commons-io-2.11.0.pom
2023-08-29 15:58:55,445 [Worker-206: Creating project "uitest"] INFO  o.e.m.c.i.e.AbstractTransferListenerAdapter - Downloading https://repo.maven.apache.org/maven2/org/apache/commons/commons-parent/52/commons-parent-52.pom
2023-08-29 15:58:55,476 [Worker-206: Creating project "uitest"] INFO  o.e.m.c.i.e.AbstractTransferListenerAdapter - Downloaded https://repo.maven.apache.org/maven2/org/apache/commons/commons-parent/52/commons-parent-52.pom
2023-08-29 15:58:55,513 [Worker-206: Creating project "uitest"] INFO  o.e.m.c.i.e.AbstractTransferListenerAdapter - Downloading https://repo.maven.apache.org/maven2/org/junit/junit-bom/5.7.2/junit-bom-5.7.2.pom
2023-08-29 15:58:55,538 [Worker-206: Creating project "uitest"] INFO  o.e.m.c.i.e.AbstractTransferListenerAdapter - Downloaded https://repo.maven.apache.org/maven2/org/junit/junit-bom/5.7.2/junit-bom-5.7.2.pom
2023-08-29 15:58:55,570 [Worker-206: Creating project "uitest"] INFO  o.e.m.c.i.e.AbstractTransferListenerAdapter - Downloading https://repo.maven.apache.org/maven2/org/apache/maven/maven-archiver/3.6.0/maven-archiver-3.6.0.pom
2023-08-29 15:58:55,598 [Worker-206: Creating project "uitest"] INFO  o.e.m.c.i.e.AbstractTransferListenerAdapter - Downloaded https://repo.maven.apache.org/maven2/org/apache/maven/maven-archiver/3.6.0/maven-archiver-3.6.0.pom
2023-08-29 15:58:55,630 [Worker-206: Creating project "uitest"] INFO  o.e.m.c.i.e.AbstractTransferListenerAdapter - Downloading https://repo.maven.apache.org/maven2/org/codehaus/plexus/plexus-io/3.4.0/plexus-io-3.4.0.pom
2023-08-29 15:58:55,660 [Worker-206: Creating project "uitest"] INFO  o.e.m.c.i.e.AbstractTransferListenerAdapter - Downloaded https://repo.maven.apache.org/maven2/org/codehaus/plexus/plexus-io/3.4.0/plexus-io-3.4.0.pom
2023-08-29 15:58:55,690 [Worker-206: Creating project "uitest"] INFO  o.e.m.c.i.e.AbstractTransferListenerAdapter - Downloading https://repo.maven.apache.org/maven2/org/codehaus/plexus/plexus/10/plexus-10.pom
2023-08-29 15:58:55,720 [Worker-206: Creating project "uitest"] INFO  o.e.m.c.i.e.AbstractTransferListenerAdapter - Downloaded https://repo.maven.apache.org/maven2/org/codehaus/plexus/plexus/10/plexus-10.pom
2023-08-29 15:58:55,750 [Worker-206: Creating project "uitest"] INFO  o.e.m.c.i.e.AbstractTransferListenerAdapter - Downloading https://repo.maven.apache.org/maven2/javax/inject/javax.inject/1/javax.inject-1.pom
2023-08-29 15:58:55,783 [Worker-206: Creating project "uitest"] INFO  o.e.m.c.i.e.AbstractTransferListenerAdapter - Downloaded https://repo.maven.apache.org/maven2/javax/inject/javax.inject/1/javax.inject-1.pom
2023-08-29 15:58:55,818 [Worker-206: Creating project "uitest"] INFO  o.e.m.c.i.e.AbstractTransferListenerAdapter - Downloading https://repo.maven.apache.org/maven2/org/codehaus/plexus/plexus-archiver/4.4.0/plexus-archiver-4.4.0.pom
2023-08-29 15:58:55,845 [Worker-206: Creating project "uitest"] INFO  o.e.m.c.i.e.AbstractTransferListenerAdapter - Downloaded https://repo.maven.apache.org/maven2/org/codehaus/plexus/plexus-archiver/4.4.0/plexus-archiver-4.4.0.pom
2023-08-29 15:58:55,873 [Worker-206: Creating project "uitest"] INFO  o.e.m.c.i.e.AbstractTransferListenerAdapter - Downloading https://repo.maven.apache.org/maven2/org/apache/commons/commons-compress/1.21/commons-compress-1.21.pom
2023-08-29 15:58:55,900 [Worker-206: Creating project "uitest"] INFO  o.e.m.c.i.e.AbstractTransferListenerAdapter - Downloaded https://repo.maven.apache.org/maven2/org/apache/commons/commons-compress/1.21/commons-compress-1.21.pom
2023-08-29 15:58:55,940 [Worker-206: Creating project "uitest"] INFO  o.e.m.c.i.e.AbstractTransferListenerAdapter - Downloading https://repo.maven.apache.org/maven2/org/tukaani/xz/1.9/xz-1.9.pom
2023-08-29 15:58:55,965 [Worker-206: Creating project "uitest"] INFO  o.e.m.c.i.e.AbstractTransferListenerAdapter - Downloaded https://repo.maven.apache.org/maven2/org/tukaani/xz/1.9/xz-1.9.pom
2023-08-29 15:58:56,000 [Worker-206: Creating project "uitest"] INFO  o.e.m.c.i.e.AbstractTransferListenerAdapter - Downloading https://repo.maven.apache.org/maven2/org/codehaus/plexus/plexus-utils/3.4.2/plexus-utils-3.4.2.pom
2023-08-29 15:58:56,025 [Worker-206: Creating project "uitest"] INFO  o.e.m.c.i.e.AbstractTransferListenerAdapter - Downloaded https://repo.maven.apache.org/maven2/org/codehaus/plexus/plexus-utils/3.4.2/plexus-utils-3.4.2.pom
2023-08-29 15:58:56,059 [AetherRepositoryConnector-repo.maven.apache.org-1-0] INFO  o.e.m.c.i.e.AbstractTransferListenerAdapter - Downloading https://repo.maven.apache.org/maven2/org/apache/maven/shared/file-management/3.1.0/file-management-3.1.0.jar
2023-08-29 15:58:56,084 [AetherRepositoryConnector-repo.maven.apache.org-1-3] INFO  o.e.m.c.i.e.AbstractTransferListenerAdapter - Downloading https://repo.maven.apache.org/maven2/org/apache/maven/maven-archiver/3.6.0/maven-archiver-3.6.0.jar
2023-08-29 15:58:56,087 [AetherRepositoryConnector-repo.maven.apache.org-1-2] INFO  o.e.m.c.i.e.AbstractTransferListenerAdapter - Downloading https://repo.maven.apache.org/maven2/commons-io/commons-io/2.11.0/commons-io-2.11.0.jar
2023-08-29 15:58:56,087 [AetherRepositoryConnector-repo.maven.apache.org-1-4] INFO  o.e.m.c.i.e.AbstractTransferListenerAdapter - Downloading https://repo.maven.apache.org/maven2/org/codehaus/plexus/plexus-io/3.4.0/plexus-io-3.4.0.jar
2023-08-29 15:58:56,088 [AetherRepositoryConnector-repo.maven.apache.org-1-1] INFO  o.e.m.c.i.e.AbstractTransferListenerAdapter - Downloading https://repo.maven.apache.org/maven2/org/slf4j/slf4j-api/1.7.36/slf4j-api-1.7.36.jar
2023-08-29 15:58:56,123 [AetherRepositoryConnector-repo.maven.apache.org-1-3] INFO  o.e.m.c.i.e.AbstractTransferListenerAdapter - Downloaded https://repo.maven.apache.org/maven2/org/apache/maven/maven-archiver/3.6.0/maven-archiver-3.6.0.jar
2023-08-29 15:58:56,123 [AetherRepositoryConnector-repo.maven.apache.org-1-0] INFO  o.e.m.c.i.e.AbstractTransferListenerAdapter - Downloaded https://repo.maven.apache.org/maven2/org/apache/maven/shared/file-management/3.1.0/file-management-3.1.0.jar
2023-08-29 15:58:56,138 [AetherRepositoryConnector-repo.maven.apache.org-1-1] INFO  o.e.m.c.i.e.AbstractTransferListenerAdapter - Downloaded https://repo.maven.apache.org/maven2/org/slf4j/slf4j-api/1.7.36/slf4j-api-1.7.36.jar
2023-08-29 15:58:56,138 [AetherRepositoryConnector-repo.maven.apache.org-1-4] INFO  o.e.m.c.i.e.AbstractTransferListenerAdapter - Downloaded https://repo.maven.apache.org/maven2/org/codehaus/plexus/plexus-io/3.4.0/plexus-io-3.4.0.jar
2023-08-29 15:58:56,156 [AetherRepositoryConnector-repo.maven.apache.org-1-0] INFO  o.e.m.c.i.e.AbstractTransferListenerAdapter - Downloading https://repo.maven.apache.org/maven2/org/codehaus/plexus/plexus-archiver/4.4.0/plexus-archiver-4.4.0.jar
2023-08-29 15:58:56,156 [AetherRepositoryConnector-repo.maven.apache.org-1-3] INFO  o.e.m.c.i.e.AbstractTransferListenerAdapter - Downloading https://repo.maven.apache.org/maven2/javax/inject/javax.inject/1/javax.inject-1.jar
2023-08-29 15:58:56,158 [AetherRepositoryConnector-repo.maven.apache.org-1-2] INFO  o.e.m.c.i.e.AbstractTransferListenerAdapter - Downloaded https://repo.maven.apache.org/maven2/commons-io/commons-io/2.11.0/commons-io-2.11.0.jar
2023-08-29 15:58:56,176 [AetherRepositoryConnector-repo.maven.apache.org-1-4] INFO  o.e.m.c.i.e.AbstractTransferListenerAdapter - Downloading https://repo.maven.apache.org/maven2/org/apache/commons/commons-compress/1.21/commons-compress-1.21.jar
2023-08-29 15:58:56,177 [AetherRepositoryConnector-repo.maven.apache.org-1-1] INFO  o.e.m.c.i.e.AbstractTransferListenerAdapter - Downloading https://repo.maven.apache.org/maven2/org/tukaani/xz/1.9/xz-1.9.jar
2023-08-29 15:58:56,219 [AetherRepositoryConnector-repo.maven.apache.org-1-2] INFO  o.e.m.c.i.e.AbstractTransferListenerAdapter - Downloading https://repo.maven.apache.org/maven2/org/codehaus/plexus/plexus-utils/3.4.2/plexus-utils-3.4.2.jar
2023-08-29 15:58:56,220 [AetherRepositoryConnector-repo.maven.apache.org-1-3] INFO  o.e.m.c.i.e.AbstractTransferListenerAdapter - Downloaded https://repo.maven.apache.org/maven2/javax/inject/javax.inject/1/javax.inject-1.jar
2023-08-29 15:58:56,228 [AetherRepositoryConnector-repo.maven.apache.org-1-0] INFO  o.e.m.c.i.e.AbstractTransferListenerAdapter - Downloaded https://repo.maven.apache.org/maven2/org/codehaus/plexus/plexus-archiver/4.4.0/plexus-archiver-4.4.0.jar
2023-08-29 15:58:56,228 [AetherRepositoryConnector-repo.maven.apache.org-1-1] INFO  o.e.m.c.i.e.AbstractTransferListenerAdapter - Downloaded https://repo.maven.apache.org/maven2/org/tukaani/xz/1.9/xz-1.9.jar
2023-08-29 15:58:56,251 [AetherRepositoryConnector-repo.maven.apache.org-1-4] INFO  o.e.m.c.i.e.AbstractTransferListenerAdapter - Downloaded https://repo.maven.apache.org/maven2/org/apache/commons/commons-compress/1.21/commons-compress-1.21.jar
2023-08-29 15:58:56,275 [AetherRepositoryConnector-repo.maven.apache.org-1-2] INFO  o.e.m.c.i.e.AbstractTransferListenerAdapter - Downloaded https://repo.maven.apache.org/maven2/org/codehaus/plexus/plexus-utils/3.4.2/plexus-utils-3.4.2.jar
2023-08-29 15:58:56,777 [Worker-206: Creating project "uitest"] INFO  o.e.m.c.i.e.AbstractTransferListenerAdapter - Downloading https://repo.maven.apache.org/maven2/org/apache/maven/shared/maven-filtering/3.3.0/maven-filtering-3.3.0.pom
2023-08-29 15:58:56,813 [Worker-206: Creating project "uitest"] INFO  o.e.m.c.i.e.AbstractTransferListenerAdapter - Downloaded https://repo.maven.apache.org/maven2/org/apache/maven/shared/maven-filtering/3.3.0/maven-filtering-3.3.0.pom
2023-08-29 15:58:56,877 [Worker-206: Creating project "uitest"] INFO  o.e.m.c.i.e.AbstractTransferListenerAdapter - Downloading https://repo.maven.apache.org/maven2/org/sonatype/plexus/plexus-build-api/0.0.7/plexus-build-api-0.0.7.pom
2023-08-29 15:58:56,912 [Worker-206: Creating project "uitest"] INFO  o.e.m.c.i.e.AbstractTransferListenerAdapter - Downloaded https://repo.maven.apache.org/maven2/org/sonatype/plexus/plexus-build-api/0.0.7/plexus-build-api-0.0.7.pom
2023-08-29 15:58:56,958 [Worker-206: Creating project "uitest"] INFO  o.e.m.c.i.e.AbstractTransferListenerAdapter - Downloading https://repo.maven.apache.org/maven2/org/sonatype/spice/spice-parent/15/spice-parent-15.pom
2023-08-29 15:58:56,997 [Worker-206: Creating project "uitest"] INFO  o.e.m.c.i.e.AbstractTransferListenerAdapter - Downloaded https://repo.maven.apache.org/maven2/org/sonatype/spice/spice-parent/15/spice-parent-15.pom
2023-08-29 15:58:57,037 [Worker-206: Creating project "uitest"] INFO  o.e.m.c.i.e.AbstractTransferListenerAdapter - Downloading https://repo.maven.apache.org/maven2/org/sonatype/forge/forge-parent/5/forge-parent-5.pom
2023-08-29 15:58:57,063 [Worker-206: Creating project "uitest"] INFO  o.e.m.c.i.e.AbstractTransferListenerAdapter - Downloaded https://repo.maven.apache.org/maven2/org/sonatype/forge/forge-parent/5/forge-parent-5.pom
2023-08-29 15:58:57,102 [Worker-206: Creating project "uitest"] INFO  o.e.m.c.i.e.AbstractTransferListenerAdapter - Downloading https://repo.maven.apache.org/maven2/org/apache/commons/commons-lang3/3.12.0/commons-lang3-3.12.0.pom
2023-08-29 15:58:57,140 [Worker-206: Creating project "uitest"] INFO  o.e.m.c.i.e.AbstractTransferListenerAdapter - Downloaded https://repo.maven.apache.org/maven2/org/apache/commons/commons-lang3/3.12.0/commons-lang3-3.12.0.pom
2023-08-29 15:58:57,174 [Worker-206: Creating project "uitest"] INFO  o.e.m.c.i.e.AbstractTransferListenerAdapter - Downloading https://repo.maven.apache.org/maven2/org/junit/junit-bom/5.7.1/junit-bom-5.7.1.pom
2023-08-29 15:58:57,199 [Worker-206: Creating project "uitest"] INFO  o.e.m.c.i.e.AbstractTransferListenerAdapter - Downloaded https://repo.maven.apache.org/maven2/org/junit/junit-bom/5.7.1/junit-bom-5.7.1.pom
2023-08-29 15:58:57,244 [AetherRepositoryConnector-repo.maven.apache.org-2-0] INFO  o.e.m.c.i.e.AbstractTransferListenerAdapter - Downloading https://repo.maven.apache.org/maven2/org/apache/maven/shared/maven-filtering/3.3.0/maven-filtering-3.3.0.jar
2023-08-29 15:58:57,275 [AetherRepositoryConnector-repo.maven.apache.org-2-2] INFO  o.e.m.c.i.e.AbstractTransferListenerAdapter - Downloading https://repo.maven.apache.org/maven2/org/apache/commons/commons-lang3/3.12.0/commons-lang3-3.12.0.jar
2023-08-29 15:58:57,275 [AetherRepositoryConnector-repo.maven.apache.org-2-1] INFO  o.e.m.c.i.e.AbstractTransferListenerAdapter - Downloading https://repo.maven.apache.org/maven2/org/sonatype/plexus/plexus-build-api/0.0.7/plexus-build-api-0.0.7.jar
2023-08-29 15:58:57,293 [AetherRepositoryConnector-repo.maven.apache.org-2-0] INFO  o.e.m.c.i.e.AbstractTransferListenerAdapter - Downloaded https://repo.maven.apache.org/maven2/org/apache/maven/shared/maven-filtering/3.3.0/maven-filtering-3.3.0.jar
2023-08-29 15:58:57,306 [AetherRepositoryConnector-repo.maven.apache.org-2-1] INFO  o.e.m.c.i.e.AbstractTransferListenerAdapter - Downloaded https://repo.maven.apache.org/maven2/org/sonatype/plexus/plexus-build-api/0.0.7/plexus-build-api-0.0.7.jar
2023-08-29 15:58:57,316 [AetherRepositoryConnector-repo.maven.apache.org-2-2] INFO  o.e.m.c.i.e.AbstractTransferListenerAdapter - Downloaded https://repo.maven.apache.org/maven2/org/apache/commons/commons-lang3/3.12.0/commons-lang3-3.12.0.jar
2023-08-29 15:58:57,448 [Worker-206: Creating project "uitest"] INFO  o.e.m.j.i.AbstractJavaProjectConfigurator - Adding source folder /uitest/src/main/java
2023-08-29 15:58:57,449 [Worker-206: Creating project "uitest"] INFO  o.e.m.j.i.AbstractJavaProjectConfigurator - Adding resource folder /uitest/src/main/resources
2023-08-29 15:58:57,450 [Worker-206: Creating project "uitest"] INFO  o.e.m.j.i.AbstractJavaProjectConfigurator - Adding source folder /uitest/src/test/java
2023-08-29 15:58:57,450 [Worker-206: Creating project "uitest"] INFO  o.e.m.j.i.AbstractJavaProjectConfigurator - Adding resource folder /uitest/src/test/resources
2023-08-29 15:58:57,898 [Worker-209: Building] WARN  o.a.m.s.f.DefaultMavenResourcesFiltering - Using platform encoding (UTF-8 actually) to copy filtered resources, i.e. build is platform dependent!
2023-08-29 15:58:57,905 [Worker-209: Building] INFO  o.a.m.s.f.DefaultMavenResourcesFiltering - Copying 0 resource
2023-08-29 15:58:57,913 [Worker-209: Building] WARN  o.a.m.s.f.DefaultMavenResourcesFiltering - Using platform encoding (UTF-8 actually) to copy filtered resources, i.e. build is platform dependent!
2023-08-29 15:58:57,913 [Worker-209: Building] INFO  o.a.m.s.f.DefaultMavenResourcesFiltering - Copying 0 resource
2023-08-30 21:25:13,407 [Worker-8: Loading available Gradle versions] INFO  o.e.b.c.i.u.g.PublishedGradleVersions - Gradle version information cache is out-of-date. Trying to update.
2023-08-31 21:43:51,300 [Worker-6: Loading available Gradle versions] INFO  o.e.b.c.i.u.g.PublishedGradleVersions - Gradle version information cache is out-of-date. Trying to update.
2023-09-02 11:49:58,047 [Worker-4: Loading available Gradle versions] INFO  o.e.b.c.i.u.g.PublishedGradleVersions - Gradle version information cache is out-of-date. Trying to update.
